Build started 3/15/2012 3:42:23 PM.
     1>Project "G:\Visual Studio\C++ Projects\BlackJackGame\BlackJackGame\BlackJackGame.vcxproj" on node 2 (build target(s)).
     1>InitializeBuildStatus:
         Creating "Debug\BlackJackGame.unsuccessfulbuild" because "AlwaysCreate" was specified.
       ClCompile:
         All outputs are up-to-date.
         c:\Program Files\Microsoft Visual Studio 10.0\VC\bin\CL.exe /c /ZI /nologo /W3 /WX- /Od /Oy- /D WIN32 /D _DEBUG /D _CONSOLE /D _UNICODE /D UNICODE /Gm /EHsc /RTC1 /MDd /GS /fp:precise /Zc:wchar_t /Zc:forScope /Yu"StdAfx.h" /Fp"Debug\BlackJackGame.pch" /Fo"Debug\\" /Fd"Debug\vc100.pdb" /Gd /TP /analyze- /errorReport:prompt BlackJackGame.cpp Player.cpp
         Player.cpp
         BlackJackGame.cpp
         Generating Code...
       ManifestResourceCompile:
         All outputs are up-to-date.
       Link:
         c:\Program Files\Microsoft Visual Studio 10.0\VC\bin\link.exe /ERRORREPORT:PROMPT /OUT:"G:\Visual Studio\C++ Projects\BlackJackGame\Debug\BlackJackGame.exe" /INCREMENTAL /NOLOGO kernel32.lib user32.lib gdi32.lib winspool.lib comdlg32.lib advapi32.lib shell32.lib ole32.lib oleaut32.lib uuid.lib odbc32.lib odbccp32.lib /MANIFEST /ManifestFile:"Debug\BlackJackGame.exe.intermediate.manifest" /MANIFESTUAC:"level='asInvoker' uiAccess='false'" /DEBUG /PDB:"G:\Visual Studio\C++ Projects\BlackJackGame\Debug\BlackJackGame.pdb" /SUBSYSTEM:CONSOLE /TLBID:1 /DYNAMICBASE /NXCOMPAT /IMPLIB:"G:\Visual Studio\C++ Projects\BlackJackGame\Debug\BlackJackGame.lib" /MACHINE:X86 Debug\BlackJackGame.exe.embed.manifest.res
         Debug\BlackJackGame.obj
         Debug\Card.obj
         Debug\Dealer.obj
         Debug\Deck.obj
         Debug\Game.obj
         Debug\Player.obj
         Debug\stdafx.obj
         LINK : G:\Visual Studio\C++ Projects\BlackJackGame\Debug\BlackJackGame.exe not found or not built by the last incremental link; performing full link
       Manifest:
         C:\Program Files\Microsoft SDKs\Windows\v7.0A\bin\mt.exe /nologo /verbose /out:"Debug\BlackJackGame.exe.embed.manifest" /manifest Debug\BlackJackGame.exe.intermediate.manifest
         All outputs are up-to-date.
       LinkEmbedManifest:
         All outputs are up-to-date.
         BlackJackGame.vcxproj -> G:\Visual Studio\C++ Projects\BlackJackGame\Debug\BlackJackGame.exe
       FinalizeBuildStatus:
         Deleting file "Debug\BlackJackGame.unsuccessfulbuild".
         Touching "Debug\BlackJackGame.lastbuildstate".
     1>Done Building Project "G:\Visual Studio\C++ Projects\BlackJackGame\BlackJackGame\BlackJackGame.vcxproj" (build target(s)).

Build succeeded.

Time Elapsed 00:00:17.40
